<?xml version="1.0" encoding="UTF-8"?>
<!-- Generated by org.testng.reporters.JUnitXMLReporter -->
<testsuite hostname="SP-JPamintuan-MacBookPro2017.local" ignored="0" name="Validating User login" tests="2" failures="0" timestamp="2021-02-01T09:35:56 PHT" time="8.485" errors="0">
  <testcase name="login" time="3.627" classname="Twitter.ParameterizedLoginTwitterTest"/>
  <testcase name="login" time="2.587" classname="Twitter.ParameterizedLoginTwitterTest"/>
</testsuite> <!-- Validating User login -->
