<?xml version="1.0" encoding="UTF-8"?>
<!-- Generated by org.testng.reporters.JUnitXMLReporter -->
<testsuite hostname="SP-JPamintuan-MacBookPro2017.local" ignored="0" name="Validating valid and invalid login tests" tests="2" failures="0" timestamp="2021-02-01T21:41:46 PHT" time="10.454" errors="0">
  <testcase name="runScenario" time="5.392" classname="io.cucumber.testng.AbstractTestNGCucumberTests"/>
  <testcase name="runScenario" time="4.736" classname="io.cucumber.testng.AbstractTestNGCucumberTests"/>
</testsuite> <!-- Validating valid and invalid login tests -->
