<?xml version="1.0" encoding="UTF-8"?>
<testng-results skipped="0" failed="0" ignored="0" total="1" passed="1">
  <reporter-output>
  </reporter-output>
  <suite name="Default suite" duration-ms="16313" started-at="2021-02-01T21:59:22 PHT" finished-at="2021-02-01T21:59:38 PHT">
    <groups>
      <group name="cucumber">
        <method signature="AbstractTestNGCucumberTests.runScenario(io.cucumber.testng.PickleWrapper, io.cucumber.testng.FeatureWrapper)[pri:0, instance:cucumberOptions.ReplyTweetTestRunner@11438d26]" name="runScenario" class="io.cucumber.testng.AbstractTestNGCucumberTests"/>
      </group> <!-- cucumber -->
    </groups>
    <test name="Default test" duration-ms="16313" started-at="2021-02-01T21:59:22 PHT" finished-at="2021-02-01T21:59:38 PHT">
      <class name="cucumberOptions.ReplyTweetTestRunner">
        <test-method status="PASS" signature="setUpClass()[pri:0, instance:cucumberOptions.ReplyTweetTestRunner@11438d26]" name="setUpClass" is-config="true" duration-ms="399" started-at="2021-02-01T21:59:22 PHT" finished-at="2021-02-01T21:59:22 PHT">
          <reporter-output>
          </reporter-output>
        </test-method> <!-- setUpClass -->
        <test-method status="PASS" signature="runScenario(io.cucumber.testng.PickleWrapper, io.cucumber.testng.FeatureWrapper)[pri:0, instance:cucumberOptions.ReplyTweetTestRunner@11438d26]" name="runScenario" duration-ms="15859" started-at="2021-02-01T21:59:22 PHT" description="Runs Cucumber Scenarios" data-provider="scenarios" finished-at="2021-02-01T21:59:38 PHT">
          <params>
            <param index="0">
              <value>
                <![CDATA["Reply to recent tweet"]]>
              </value>
            </param>
            <param index="1">
              <value>
                <![CDATA["Optional[Reply tweet]"]]>
              </value>
            </param>
          </params>
          <reporter-output>
          </reporter-output>
        </test-method> <!-- runScenario -->
        <test-method status="PASS" signature="tearDownClass()[pri:0, instance:cucumberOptions.ReplyTweetTestRunner@11438d26]" name="tearDownClass" is-config="true" duration-ms="10" started-at="2021-02-01T21:59:38 PHT" finished-at="2021-02-01T21:59:38 PHT">
          <reporter-output>
          </reporter-output>
        </test-method> <!-- tearDownClass -->
      </class> <!-- cucumberOptions.ReplyTweetTestRunner -->
    </test> <!-- Default test -->
  </suite> <!-- Default suite -->
</testng-results>
